New log file opened at Sat Dec 05 17:43:49 CST 2015 by 30916@lvsongs-MacBook-Pro.local
Taking next connection to: 64531
New client attempting to connect on port: 64532-64531
  Address = /192.168.13.37:64531
This client on port 64532 has uuid dc64162c-f099-4259-9eed-3912f26b8ef8 configName play-fork-run humanReadableName Play Fork Run protocolVersion 1 featureTags Vector()
Connected Clients: play-fork-run-dc64162c-f099-4259-9eed-3912f26b8ef8
Taking next connection to: 64531
Checking to see if clients are empty...
We have 1 non-daemon clients, continuing serving connections.
Taking next connection to: 64531
Checking to see if clients are empty...
We have 1 non-daemon clients, continuing serving connections.
Taking next connection to: 64531
Checking to see if clients are empty...
We have 1 non-daemon clients, continuing serving connections.
Taking next connection to: 64531
Checking to see if clients are empty...
We have 1 non-daemon clients, continuing serving connections.
Taking next connection to: 64531
Checking to see if clients are empty...
We have 1 non-daemon clients, continuing serving connections.
Taking next connection to: 64531
